-------------------------------------------------------------------------------
Test set: com.RedisDemo.JobPortalApplicationTests
-------------------------------------------------------------------------------
Tests run: 1, Failures: 0, Errors: 1, Skipped: 0, Time elapsed: 0.361 s <<< FAILURE! - in com.RedisDemo.JobPortalApplicationTests
com.RedisDemo.JobPortalApplicationTests  Time elapsed: 0.351 s  <<< ERROR!
java.lang.IllegalStateException: Unable to find a @SpringBootConfiguration, you need to use @ContextConfiguration or @SpringBootTest(classes=...) with your test

